<?xml version="1.0" encoding="UTF-8"?>
<!-- Generated by org.testng.reporters.JUnitXMLReporter -->
<testsuite ignored="8" hostname="AbhilashKT" failures="0" tests="29" name="StudTest" time="406.105" errors="0" timestamp="2022-03-14T13:38:07 IST">
  <testcase classname="com.studennrol.testscripts.HomePageTest" name="verifyHomePage" time="3.133"/>
  <testcase classname="com.studennrol.testscripts.HomePageTest" name="verifyLoginPage" time="3.133"/>
  <testcase classname="com.studennrol.testscripts.StudNewRegistrPageTest" name="verifyStudNewRegitrPage" time="3.274"/>
  <testcase classname="com.studennrol.testscripts.StudNewRegistrPageTest" name="regNewStudPageTitlTxtVerify" time="3.114"/>
  <testcase classname="com.studennrol.testscripts.StudNewRegistrPageTest" name="verifyLoginPage" time="3.147"/>
  <testcase classname="com.studennrol.testscripts.StudNewRegistrPageTest" name="regNewStudPageDetailsWithInvaldData" time="49.942"/>
  <testcase classname="com.studennrol.testscripts.StudNewRegistrPageTest" name="regNewStudPageDetailsWithValidData" time="48.335"/>
  <testcase classname="com.studennrol.testscripts.StudLoginPageTest" name="verifyLoginPage" time="3.129"/>
  <testcase classname="com.studennrol.testscripts.StudLoginPageTest" name="verifyInvalidCredential" time="12.747"/>
  <testcase classname="com.studennrol.testscripts.StudLoginPageTest" name="verifyInvalidPassword" time="12.532"/>
  <testcase classname="com.studennrol.testscripts.StudLoginPageTest" name="verifyInvalidUsername" time="12.481"/>
  <testcase classname="com.studennrol.testscripts.StudLoginPageTest" name="verifyValidLogin" time="9.498"/>
  <testcase classname="com.studennrol.testscripts.StudHomePageTest" name="verifyHomePageAftrLogin" time="6.131"/>
  <testcase classname="com.studennrol.testscripts.StudHomePageTest" name="verifyCoursePageAftrLogin" time="6.255"/>
  <testcase classname="com.studennrol.testscripts.StudHomePageTest" name="verifyCourseName" time="3.057"/>
  <testcase classname="com.studennrol.testscripts.StudHomePageTest" name="KnowMorebtn" time="3.174"/>
  <testcase classname="com.studennrol.testscripts.StudHomePageTest" name="CourseEnrollnowbtn" time="3.171"/>
  <testcase classname="com.studennrol.testscripts.StudHomePageTest" name="returnToHomePage" time="3.127"/>
  <testcase classname="com.studennrol.testscripts.StudHomePageTest" name="showMoreCoursebtnFrmHomePge" time="3.083"/>
  <testcase classname="com.studennrol.testscripts.StudHomePageTest" name="verifyStudentDetailsPageAftrLogin" time="6.379"/>
  <testcase classname="com.studennrol.testscripts.StudDetailsPageTest" name="verifyStudDetailsPageAftrLogin" time="3.039"/>
  <testcase classname="com.studennrol.testscripts.StudDetailsPageTest" name="UpdateBtnClick" time="6.184"/>
  <testcase classname="com.studennrol.testscripts.StudDetailsPageTest" name="validateExistingDataFrmUpdateStdPge" time="37.381"/>
  <testcase classname="com.studennrol.testscripts.StudDetailsPageTest" name="updateNonMandatoryStudDetails" time="9.381"/>
  <testcase classname="com.studennrol.testscripts.StudDetailsPageTest" name="validateNonMandtryStudDetAftrUpdate" time="9.465"/>
  <testcase classname="com.studennrol.testscripts.StudDetailsPageTest" name="UpdateStudData" time="45.526"/>
  <testcase classname="com.studennrol.testscripts.StudDetailsPageTest" name="validateMandtryStudDetAftrUpdate" time="40.587"/>
  <testcase classname="com.studennrol.testscripts.StudDetailsPageTest" name="UpdateStudDataBackToNormal" time="45.449"/>
  <testcase classname="com.studennrol.testscripts.StudDetailsPageTest" name="LogedOut" time="6.181"/>
  <testcase classname="com.studenrol.testbase.TestBase" name="@AfterTest quitBrowser" time="0.0">
    <ignored/>
  </testcase> <!-- @AfterTest quitBrowser -->
  <testcase classname="com.studenrol.testbase.TestBase" name="@AfterTest quitBrowser" time="0.0">
    <ignored/>
  </testcase> <!-- @AfterTest quitBrowser -->
  <testcase classname="com.studenrol.testbase.TestBase" name="@AfterTest quitBrowser" time="0.0">
    <ignored/>
  </testcase> <!-- @AfterTest quitBrowser -->
  <testcase classname="com.studenrol.testbase.TestBase" name="@AfterTest quitBrowser" time="0.0">
    <ignored/>
  </testcase> <!-- @AfterTest quitBrowser -->
  <testcase classname="com.studenrol.testbase.TestBase" name="@BeforeTest browserSetup" time="0.0">
    <ignored/>
  </testcase> <!-- @BeforeTest browserSetup -->
  <testcase classname="com.studenrol.testbase.TestBase" name="@BeforeTest browserSetup" time="0.0">
    <ignored/>
  </testcase> <!-- @BeforeTest browserSetup -->
  <testcase classname="com.studenrol.testbase.TestBase" name="@BeforeTest browserSetup" time="0.0">
    <ignored/>
  </testcase> <!-- @BeforeTest browserSetup -->
  <testcase classname="com.studenrol.testbase.TestBase" name="@BeforeTest browserSetup" time="0.0">
    <ignored/>
  </testcase> <!-- @BeforeTest browserSetup -->
</testsuite> <!-- StudTest -->
